<?xml version="1.0" encoding="UTF-8"?>
<!-- Generated by org.testng.reporters.JUnitReportReporter -->
<testsuite hostname="JB" failures="0" tests="2" name="com.UITesting.WebTester" time="101.185" errors="0" timestamp="2024-05-10T07:38:09 IST" skipped="0">
  <testcase classname="com.UITesting.WebTester" name="testWebsite" time="63.069"/>
  <testcase classname="com.UITesting.WebTester" name="testWebsite" time="38.116"/>
</testsuite> <!-- com.UITesting.WebTester -->
