<?xml version="1.0" encoding="UTF-8"?>
<!-- Generated by org.testng.reporters.JUnitReportReporter -->
<testsuite hostname="JB" failures="0" tests="3" name="com.FunctionalTestingCase.WebApplicationTest" time="27.521" errors="0" timestamp="2024-05-10T07:30:55 IST" skipped="0">
  <testcase classname="com.FunctionalTestingCase.WebApplicationTest" name="setUp" time="2.932"/>
  <testcase classname="com.FunctionalTestingCase.WebApplicationTest" name="testWebApplication" time="22.218"/>
  <testcase classname="com.FunctionalTestingCase.WebApplicationTest" name="takeFullPageScreenshot" time="2.371"/>
</testsuite> <!-- com.FunctionalTestingCase.WebApplicationTest -->
